# JRE version: OpenJDK Runtime Environment (8.0_202) (build 1.8.0_202-release-1483-b49-5587405)
# Java VM: OpenJDK 64-Bit Server VM (25.202-b49-5587405 mixed mode linux-amd64 compressed oops)
Heap:
 PSYoungGen      total 443392K, used 0K [0x00000000e0000000, 0x0000000100000000, 0x0000000100000000)
  eden space 386048K, 0% used [0x00000000e0000000,0x00000000e0000000,0x00000000f7900000)
  from space 57344K, 0% used [0x00000000f7900000,0x00000000f7900000,0x00000000fb100000)
  to   space 80896K, 0% used [0x00000000fb100000,0x00000000fb100000,0x0000000100000000)
 ParOldGen       total 199168K, used 152141K [0x00000000a0000000, 0x00000000ac280000, 0x00000000e0000000)
  object space 199168K, 76% used [0x00000000a0000000,0x00000000a9493410,0x00000000ac280000)
 Metaspace       used 94500K, capacity 99144K, committed 99416K, reserved 1136640K
  class space    used 12234K, capacity 13101K, committed 13184K, reserved 1048576K
GC Heap History (10 events):
Event: 387.734 GC heap after
Heap after GC invocations=27 (full 4):
 PSYoungGen      total 373248K, used 9920K [0x00000000e0000000, 0x00000000fe300000, 0x0000000100000000)
  eden space 305664K, 0% used [0x00000000e0000000,0x00000000e0000000,0x00000000f2a80000)
  from space 67584K, 14% used [0x00000000f2a80000,0x00000000f3430030,0x00000000f6c80000)
  to   space 65536K, 0% used [0x00000000fa300000,0x00000000fa300000,0x00000000fe300000)
 ParOldGen       total 199168K, used 154433K [0x00000000a0000000, 0x00000000ac280000, 0x00000000e0000000)
  object space 199168K, 77% used [0x00000000a0000000,0x00000000a96d06b8,0x00000000ac280000)
 Metaspace       used 93113K, capacity 97126K, committed 97496K, reserved 1134592K
  class space    used 12138K, capacity 12932K, committed 13056K, reserved 1048576K
}
Event: 886.165 GC heap before
{Heap before GC invocations=28 (full 4):
 PSYoungGen      total 373248K, used 315584K [0x00000000e0000000, 0x00000000fe300000, 0x0000000100000000)
  eden space 305664K, 100% used [0x00000000e0000000,0x00000000f2a80000,0x00000000f2a80000)
  from space 67584K, 14% used [0x00000000f2a80000,0x00000000f3430030,0x00000000f6c80000)
  to   space 65536K, 0% used [0x00000000fa300000,0x00000000fa300000,0x00000000fe300000)
 ParOldGen       total 199168K, used 154433K [0x00000000a0000000, 0x00000000ac280000, 0x00000000e0000000)
  object space 199168K, 77% used [0x00000000a0000000,0x00000000a96d06b8,0x00000000ac280000)
 Metaspace       used 93543K, capacity 97694K, committed 98008K, reserved 1134592K
  class space    used 12166K, capacity 12982K, committed 13056K, reserved 1048576K
Event: 886.680 GC heap after
Heap after GC invocations=28 (full 4):
 PSYoungGen      total 405504K, used 17984K [0x00000000e0000000, 0x00000000fd400000, 0x0000000100000000)
  eden space 355328K, 0% used [0x00000000e0000000,0x00000000e0000000,0x00000000f5b00000)
  from space 50176K, 35% used [0x00000000fa300000,0x00000000fb490040,0x00000000fd400000)
  to   space 61952K, 0% used [0x00000000f5b00000,0x00000000f5b00000,0x00000000f9780000)
 ParOldGen       total 199168K, used 154441K [0x00000000a0000000, 0x00000000ac280000, 0x00000000e0000000)
  object space 199168K, 77% used [0x00000000a0000000,0x00000000a96d26b8,0x00000000ac280000)
 Metaspace       used 93543K, capacity 97694K, committed 98008K, reserved 1134592K
  class space    used 12166K, capacity 12982K, committed 13056K, reserved 1048576K
}
Event: 1076.172 GC heap before
{Heap before GC invocations=29 (full 4):
 PSYoungGen      total 405504K, used 373312K [0x00000000e0000000, 0x00000000fd400000, 0x0000000100000000)
  eden space 355328K, 100% used [0x00000000e0000000,0x00000000f5b00000,0x00000000f5b00000)
  from space 50176K, 35% used [0x00000000fa300000,0x00000000fb490040,0x00000000fd400000)
  to   space 61952K, 0% used [0x00000000f5b00000,0x00000000f5b00000,0x00000000f9780000)
 ParOldGen       total 199168K, used 154441K [0x00000000a0000000, 0x00000000ac280000, 0x00000000e0000000)
  object space 199168K, 77% used [0x00000000a0000000,0x00000000a96d26b8,0x00000000ac280000)
 Metaspace       used 93806K, capacity 98060K, committed 98264K, reserved 1134592K
  class space    used 12176K, capacity 12999K, committed 13056K, reserved 1048576K
Event: 1076.206 GC heap after
Heap after GC invocations=29 (full 4):
 PSYoungGen      total 417280K, used 10480K [0x00000000e0000000, 0x00000000ff500000, 0x0000000100000000)
  eden space 355328K, 0% used [0x00000000e0000000,0x00000000e0000000,0x00000000f5b00000)
  from space 61952K, 16% used [0x00000000f5b00000,0x00000000f653c050,0x00000000f9780000)
  to   space 60416K, 0% used [0x00000000fba00000,0x00000000fba00000,0x00000000ff500000)
 ParOldGen       total 199168K, used 154449K [0x00000000a0000000, 0x00000000ac280000, 0x00000000e0000000)
  object space 199168K, 77% used [0x00000000a0000000,0x00000000a96d46b8,0x00000000ac280000)
 Metaspace       used 93806K, capacity 98060K, committed 98264K, reserved 1134592K
  class space    used 12176K, capacity 12999K, committed 13056K, reserved 1048576K
}
Event: 1217.500 GC heap before
{Heap before GC invocations=30 (full 4):
 PSYoungGen      total 417280K, used 365808K [0x00000000e0000000, 0x00000000ff500000, 0x0000000100000000)
  eden space 355328K, 100% used [0x00000000e0000000,0x00000000f5b00000,0x00000000f5b00000)
  from space 61952K, 16% used [0x00000000f5b00000,0x00000000f653c050,0x00000000f9780000)
  to   space 60416K, 0% used [0x00000000fba00000,0x00000000fba00000,0x00000000ff500000)
 ParOldGen       total 199168K, used 154449K [0x00000000a0000000, 0x00000000ac280000, 0x00000000e0000000)
  object space 199168K, 77% used [0x00000000a0000000,0x00000000a96d46b8,0x00000000ac280000)
 Metaspace       used 94401K, capacity 99060K, committed 99160K, reserved 1134592K
  class space    used 12233K, capacity 13101K, committed 13184K, reserved 1048576K
Event: 1217.568 GC heap after
Heap after GC invocations=30 (full 4):
 PSYoungGen      total 434176K, used 15393K [0x00000000e0000000, 0x00000000fe900000, 0x0000000100000000)
  eden space 386048K, 0% used [0x00000000e0000000,0x00000000e0000000,0x00000000f7900000)
  from space 48128K, 31% used [0x00000000fba00000,0x00000000fc908500,0x00000000fe900000)
  to   space 57344K, 0% used [0x00000000f7900000,0x00000000f7900000,0x00000000fb100000)
 ParOldGen       total 199168K, used 154457K [0x00000000a0000000, 0x00000000ac280000, 0x00000000e0000000)
  object space 199168K, 77% used [0x00000000a0000000,0x00000000a96d66b8,0x00000000ac280000)
 Metaspace       used 94401K, capacity 99060K, committed 99160K, reserved 1134592K
  class space    used 12233K, capacity 13101K, committed 13184K, reserved 1048576K
}
Event: 1220.007 GC heap before
{Heap before GC invocations=31 (full 4):
 PSYoungGen      total 434176K, used 389255K [0x00000000e0000000, 0x00000000fe900000, 0x0000000100000000)
  eden space 386048K, 96% used [0x00000000e0000000,0x00000000f6d198c0,0x00000000f7900000)
  from space 48128K, 31% used [0x00000000fba00000,0x00000000fc908500,0x00000000fe900000)
  to   space 57344K, 0% used [0x00000000f7900000,0x00000000f7900000,0x00000000fb100000)
 ParOldGen       total 199168K, used 154457K [0x00000000a0000000, 0x00000000ac280000, 0x00000000e0000000)
  object space 199168K, 77% used [0x00000000a0000000,0x00000000a96d66b8,0x00000000ac280000)
 Metaspace       used 94500K, capacity 99144K, committed 99416K, reserved 1136640K
  class space    used 12234K, capacity 13101K, committed 13184K, reserved 1048576K
Event: 1220.288 GC heap after
Heap after GC invocations=31 (full 4):
 PSYoungGen      total 443392K, used 57312K [0x00000000e0000000, 0x0000000100000000, 0x0000000100000000)
  eden space 386048K, 0% used [0x00000000e0000000,0x00000000e0000000,0x00000000f7900000)
  from space 57344K, 99% used [0x00000000f7900000,0x00000000fb0f80f8,0x00000000fb100000)
  to   space 80896K, 0% used [0x00000000fb100000,0x00000000fb100000,0x0000000100000000)
 ParOldGen       total 199168K, used 196720K [0x00000000a0000000, 0x00000000ac280000, 0x00000000e0000000)
  object space 199168K, 98% used [0x00000000a0000000,0x00000000ac01c248,0x00000000ac280000)
 Metaspace       used 94500K, capacity 99144K, committed 99416K, reserved 1136640K
  class space    used 12234K, capacity 13101K, committed 13184K, reserved 1048576K
}
Event: 1221.469 GC heap before
{Heap before GC invocations=32 (full 5):
 PSYoungGen      total 443392K, used 57312K [0x00000000e0000000, 0x0000000100000000, 0x0000000100000000)
  eden space 386048K, 0% used [0x00000000e0000000,0x00000000e0000000,0x00000000f7900000)
  from space 57344K, 99% used [0x00000000f7900000,0x00000000fb0f80f8,0x00000000fb100000)
  to   space 80896K, 0% used [0x00000000fb100000,0x00000000fb100000,0x0000000100000000)
 ParOldGen       total 199168K, used 196720K [0x00000000a0000000, 0x00000000ac280000, 0x00000000e0000000)
  object space 199168K, 98% used [0x00000000a0000000,0x00000000ac01c248,0x00000000ac280000)
 Metaspace       used 94500K, capacity 99144K, committed 99416K, reserved 1136640K
  class space    used 12234K, capacity 13101K, committed 13184K, reserved 1048576K

